[?1049h[22;0;0t[?1h=[H[2J[?12l[?25h[?1000l[?1002l[?1003l[?1006l[?1005l(B[m[?12;25h[?12l[?25h[?1006l[?1000l[?1002l[?1003l[?2004l[1;1H[1;57r[>c[>q[1;1H]0;mx ❐ 0 ● 1 zsh[?25l[K
[K
[K
[K
[K
[K
[K
[K
[K
[K
[K
[K
[K
[K
[K
[K
[K
[K
[K
[K
[K
[K
[K
[K
[K
[K
[K
[K
[K
[K
[K
[K
[K
[K
[K
[K
[K
[K
[K
[K
[K
[K
[K
[K
[K
[K
[K
[K
[K
[K
[K
[K
[K
[K
[K
[K[38;2;0;0;0m[48;2;255;255;0m[1m
 ❐ 0 (B[m[38;2;228;228;228m[48;2;255;0;175m ↑ [38;2;255;0;175m[48;2;8;8;8m [38;2;228;228;228m[48;2;215;0;0me %0' not ready>[1m[5m<'cut -c3- ~/.tmux.conf | sh -s _root /dev/pts/2 %0' not ready>(B[m[38;2;228;228;228m[48;2;215;0;0m [38;2;0;0;0m[48;2;228;228;228m[1m <'cut -c3- ~/.tmux.conf | sh -s _hostname /dev/pts/2 false %0' not ready> (B[m[?12l[?25h[1;1H[?1004h[?7727h(B[m[?12;25h[?12l[?25h[?1006l[?1000l[?1002l[?1003l[?2004l[1;1H[1;57r[1;12H[?2004h[?25l[38;5;208m[Hmx➜  [38;5;103m~[39m [38;5;124m [38;5;208mᐅ [39m [K
[K
[K
[K
[K
[K
[K
[K
[K
[K
[K
[K
[K
[K
[K
[K
[K
[K
[K
[K
[K
[K
[K
[K
[K
[K
[K
[K
[K
[K
[K
[K
[K
[K
[K
[K
[K
[K
[K
[K
[K
[K
[K
[K
[K
[K
[K
[K
[K
[K
[K
[K
[K
[K
[K
[K[38;2;0;0;0m[48;2;255;255;0m[1m
 ❐ 0 (B[m[38;2;228;228;228m[48;2;255;0;175m ↑ [38;2;255;0;175m[48;2;8;8;8m [38;2;0;0;0m[48;2;0;175;255m[1m 1 zsh (B[m[38;2;138;138;138m[48;2;8;8;8m                 <'cut -c3- ~/.tmux.conf | sh -s _uptime' not ready><'cut -c3- ~/.tmux.conf | sh -s _battery' not ready>  | 17:30 | 28 Jul [38;2;228;228;228m[48;2;215;0;0m Joe [38;2;0;0;0m[48;2;228;228;228m[1m mx (B[m[?12l[?25h[1;12H[?25l[38;5;208m[Hmx➜  [38;5;103m~[39m [38;5;124m [38;5;208mᐅ [39m [K
[K
[K
[K
[K
[K
[K
[K
[K
[K
[K
[K
[K
[K
[K
[K
[K
[K
[K
[K
[K
[K
[K
[K
[K
[K
[K
[K
[K
[K
[K
[K
[K
[K
[K
[K
[K
[K
[K
[K
[K
[K
[K
[K
[K
[K
[K
[K
[K
[K
[K
[K
[K
[K
[K
[K[38;2;0;0;0m[48;2;255;255;0m[1m
 ❐ 0 (B[m[38;2;228;228;228m[48;2;255;0;175m ↑ 4d 8h 35m [38;2;255;0;175m[48;2;8;8;8m [38;2;0;0;0m[48;2;0;175;255m[1m 1 zsh (B[m[38;2;138;138;138m[48;2;8;8;8m       <'cut -c3- ~/.tmux.conf | sh -s _uptime' not ready><'cut -c3- ~/.tmux.conf | sh -s _battery' not ready>  | 17:30 | 28 Jul [38;2;228;228;228m[48;2;215;0;0m Joe [38;2;0;0;0m[48;2;228;228;228m[1m mx (B[m[?12l[?25h[1;12H[?25l[38;2;0;0;0m[48;2;255;255;0m[1m[57;1H ❐ 0 (B[m[38;2;228;228;228m[48;2;255;0;175m ↑ 4d 8h 35m [38;2;255;0;175m[48;2;8;8;8m [38;2;0;0;0m[48;2;0;175;255m[1m 1 zsh (B[m[38;2;138;138;138m[48;2;8;8;8m                                                          <'cut -c3- ~/.tmux.conf | sh -s _battery' not ready>  | 17:30 | 28 Jul [38;2;228;228;228m[48;2;215;0;0m Joe [38;2;0;0;0m[48;2;228;228;228m[1m mx (B[m[?12l[?25h[1;12H[?25l[38;2;0;0;0m[48;2;255;255;0m[1m[57;1H ❐ 0 (B[m[38;2;228;228;228m[48;2;255;0;175m ↑ 4d 8h 35m [38;2;255;0;175m[48;2;8;8;8m [38;2;0;0;0m[48;2;0;175;255m[1m 1 zsh (B[m[38;2;138;138;138m[48;2;8;8;8m                                                                                                                | 17:30 | 28 Jul [38;2;228;228;228m[48;2;215;0;0m Joe [38;2;0;0;0m[48;2;228;228;228m[1m mx (B[m[?12l[?25h[1;12H
[?2004l