1595928640.398492 client started (15155): version next-3.3, socket /tmp/tmux-1001/default, protocol 8
1595928640.398521 on Linux 4.15.0-48-generic #51-Ubuntu SMP Wed Apr 3 08:28:49 UTC 2019
1595928640.398525 using libevent 2.1.8-stable (poll); ncurses 6.1
1595928640.398540 flags are 0x18010000
1595928640.398543 socket is /tmp/tmux-1001/default
1595928640.398554 trying connect
1595928640.398567 connect failed: Connection refused
1595928640.398573 lock file is /tmp/tmux-1001/default.lock
1595928640.398598 flock succeeded
1595928640.398600 got lock (6)
1595928640.398605 trying connect
1595928640.398610 connect failed: Connection refused
1595928640.399542 add peer 0x5618ab7f7e00: 7 ((nil))
1595928640.399647 sending message 100 to peer 0x5618ab7f7e00 (4 bytes)
1595928640.399654 sending message 101 to peer 0x5618ab7f7e00 (15 bytes)
1595928640.399657 sending message 109 to peer 0x5618ab7f7e00 (4 bytes)
1595928640.399660 sending message 102 to peer 0x5618ab7f7e00 (11 bytes)
1595928640.399663 sending message 108 to peer 0x5618ab7f7e00 (10 bytes)
1595928640.399666 sending message 104 to peer 0x5618ab7f7e00 (0 bytes)
1595928640.399672 sending message 110 to peer 0x5618ab7f7e00 (0 bytes)
1595928640.399675 sending message 107 to peer 0x5618ab7f7e00 (4 bytes)
1595928640.399678 sending message 105 to peer 0x5618ab7f7e00 (9 bytes)
1595928640.399681 sending message 105 to peer 0x5618ab7f7e00 (12 bytes)
1595928640.399683 sending message 105 to peer 0x5618ab7f7e00 (15 bytes)
1595928640.399686 sending message 105 to peer 0x5618ab7f7e00 (94 bytes)
1595928640.399689 sending message 105 to peer 0x5618ab7f7e00 (19 bytes)
1595928640.399691 sending message 105 to peer 0x5618ab7f7e00 (19 bytes)
1595928640.399694 sending message 105 to peer 0x5618ab7f7e00 (35 bytes)
1595928640.399696 sending message 105 to peer 0x5618ab7f7e00 (53 bytes)
1595928640.399699 sending message 105 to peer 0x5618ab7f7e00 (19 bytes)
1595928640.399701 sending message 105 to peer 0x5618ab7f7e00 (20 bytes)
1595928640.399704 sending message 105 to peer 0x5618ab7f7e00 (19 bytes)
1595928640.399707 sending message 105 to peer 0x5618ab7f7e00 (31 bytes)
1595928640.399723 sending message 105 to peer 0x5618ab7f7e00 (17 bytes)
1595928640.399727 sending message 105 to peer 0x5618ab7f7e00 (8 bytes)
1595928640.399730 sending message 105 to peer 0x5618ab7f7e00 (14 bytes)
1595928640.399733 sending message 105 to peer 0x5618ab7f7e00 (17 bytes)
1595928640.399735 sending message 105 to peer 0x5618ab7f7e00 (12 bytes)
1595928640.399738 sending message 105 to peer 0x5618ab7f7e00 (34 bytes)
1595928640.399741 sending message 105 to peer 0x5618ab7f7e00 (11 bytes)
1595928640.399743 sending message 105 to peer 0x5618ab7f7e00 (8 bytes)
1595928640.399746 sending message 105 to peer 0x5618ab7f7e00 (32 bytes)
1595928640.399749 sending message 105 to peer 0x5618ab7f7e00 (1516 bytes)
1595928640.399752 sending message 105 to peer 0x5618ab7f7e00 (22 bytes)
1595928640.399755 sending message 106 to peer 0x5618ab7f7e00 (0 bytes)
1595928640.399759 cmd_pack_argv: argv[0]=new
1595928640.399761 sending message 200 to peer 0x5618ab7f7e00 (8 bytes)
1595928640.399764 client loop enter
1595928641.133198 peer 0x5618ab7f7e00 message 207
1595928641.133209 sending message 208 to peer 0x5618ab7f7e00 (0 bytes)
1595928645.178819 peer 0x5618ab7f7e00 message 203
1595928645.178830 sending message 205 to peer 0x5618ab7f7e00 (0 bytes)
1595928645.179371 peer 0x5618ab7f7e00 message 204
1595928645.179376 client loop exit
